<?xml version="1.0" encoding="utf-8"?><testsuites><testsuite errors="0" failures="0" hostname="inspiron" name="pytest" skipped="0" tests="4" time="3.083" timestamp="2020-07-27T19:49:34.171970"><testcase classname="test_submit" file="test_submit.py" line="3" name="test_q1" time="0.056"></testcase><testcase classname="test_submit" file="test_submit.py" line="8" name="test_q2" time="0.068"></testcase><testcase classname="test_submit" file="test_submit.py" line="13" name="test_q3" time="0.054"></testcase><testcase classname="test_submit" file="test_submit.py" line="18" name="test_q4" time="0.592"></testcase></testsuite></testsuites>